2020-06-21 12:43:28,145 - Log4JLogChute initialized using file 'velocity.log'
2020-06-21 12:43:28,145 - Initializing Velocity, Calling init()...
2020-06-21 12:43:28,146 - Starting Apache Velocity v1.7 (compiled: 2010-11-19 12:14:37)
2020-06-21 12:43:28,146 - Default Properties File: org\apache\velocity\runtime\defaults\velocity.properties
2020-06-21 12:43:28,146 - Trying to use logger class org.apache.velocity.runtime.log.AvalonLogChute
2020-06-21 12:43:28,146 - Target log system for org.apache.velocity.runtime.log.AvalonLogChute is not available (java.lang.NoClassDefFoundError: org/apache/log/format/Formatter).  Falling back to next log system...
2020-06-21 12:43:28,146 - Trying to use logger class org.apache.velocity.runtime.log.Log4JLogChute
2020-06-21 12:43:28,146 - Using logger class org.apache.velocity.runtime.log.Log4JLogChute
2020-06-21 12:43:28,155 - ResourceLoader instantiated: org.apache.velocity.runtime.resource.loader.FileResourceLoader
2020-06-21 12:43:28,156 - Do unicode file recognition:  false
2020-06-21 12:43:28,156 - FileResourceLoader : adding path '.'
2020-06-21 12:43:28,248 - ResourceCache: initialized (class org.apache.velocity.runtime.resource.ResourceCacheImpl) with class java.util.Collections$SynchronizedMap cache map.
2020-06-21 12:43:28,251 - Loaded System Directive: org.apache.velocity.runtime.directive.Stop
2020-06-21 12:43:28,252 - Loaded System Directive: org.apache.velocity.runtime.directive.Define
2020-06-21 12:43:28,254 - Loaded System Directive: org.apache.velocity.runtime.directive.Break
2020-06-21 12:43:28,255 - Loaded System Directive: org.apache.velocity.runtime.directive.Evaluate
2020-06-21 12:43:28,256 - Loaded System Directive: org.apache.velocity.runtime.directive.Literal
2020-06-21 12:43:28,258 - Loaded System Directive: org.apache.velocity.runtime.directive.Macro
2020-06-21 12:43:28,260 - Loaded System Directive: org.apache.velocity.runtime.directive.Parse
2020-06-21 12:43:28,262 - Loaded System Directive: org.apache.velocity.runtime.directive.Include
2020-06-21 12:43:28,263 - Loaded System Directive: org.apache.velocity.runtime.directive.Foreach
2020-06-21 12:43:28,319 - Created '20' parsers.
2020-06-21 12:43:28,324 - Velocimacro : "velocimacro.library" is not set.  Trying default library: VM_global_library.vm
2020-06-21 12:43:28,324 - Velocimacro : Default library not found.
2020-06-21 12:43:28,324 - Velocimacro : allowInline = true : VMs can be defined inline in templates
2020-06-21 12:43:28,324 - Velocimacro : allowInlineToOverride = false : VMs defined inline may NOT replace previous VM definitions
2020-06-21 12:43:28,325 - Velocimacro : allowInlineLocal = false : VMs defined inline will be global in scope if allowed.
2020-06-21 12:43:28,325 - Velocimacro : autoload off : VM system will not automatically reload global library macros
2020-06-21 12:43:28,326 - ResourceManager : unable to find resource 'emailTemplate.vm' in any resource loader.
2020-06-21 12:45:46,521 - Log4JLogChute initialized using file 'velocity.log'
2020-06-21 12:45:46,522 - Initializing Velocity, Calling init()...
2020-06-21 12:45:46,522 - Starting Apache Velocity v1.7 (compiled: 2010-11-19 12:14:37)
2020-06-21 12:45:46,522 - Default Properties File: org\apache\velocity\runtime\defaults\velocity.properties
2020-06-21 12:45:46,522 - Trying to use logger class org.apache.velocity.runtime.log.AvalonLogChute
2020-06-21 12:45:46,522 - Target log system for org.apache.velocity.runtime.log.AvalonLogChute is not available (java.lang.NoClassDefFoundError: org/apache/log/format/Formatter).  Falling back to next log system...
2020-06-21 12:45:46,522 - Trying to use logger class org.apache.velocity.runtime.log.Log4JLogChute
2020-06-21 12:45:46,522 - Using logger class org.apache.velocity.runtime.log.Log4JLogChute
2020-06-21 12:45:46,530 - ResourceLoader instantiated: org.apache.velocity.runtime.resource.loader.FileResourceLoader
2020-06-21 12:45:46,531 - Do unicode file recognition:  false
2020-06-21 12:45:46,531 - FileResourceLoader : adding path '.'
2020-06-21 12:45:46,563 - ResourceCache: initialized (class org.apache.velocity.runtime.resource.ResourceCacheImpl) with class java.util.Collections$SynchronizedMap cache map.
2020-06-21 12:45:46,565 - Loaded System Directive: org.apache.velocity.runtime.directive.Stop
2020-06-21 12:45:46,567 - Loaded System Directive: org.apache.velocity.runtime.directive.Define
2020-06-21 12:45:46,568 - Loaded System Directive: org.apache.velocity.runtime.directive.Break
2020-06-21 12:45:46,569 - Loaded System Directive: org.apache.velocity.runtime.directive.Evaluate
2020-06-21 12:45:46,571 - Loaded System Directive: org.apache.velocity.runtime.directive.Literal
2020-06-21 12:45:46,573 - Loaded System Directive: org.apache.velocity.runtime.directive.Macro
2020-06-21 12:45:46,575 - Loaded System Directive: org.apache.velocity.runtime.directive.Parse
2020-06-21 12:45:46,576 - Loaded System Directive: org.apache.velocity.runtime.directive.Include
2020-06-21 12:45:46,578 - Loaded System Directive: org.apache.velocity.runtime.directive.Foreach
2020-06-21 12:45:46,613 - Created '20' parsers.
2020-06-21 12:45:46,619 - Velocimacro : "velocimacro.library" is not set.  Trying default library: VM_global_library.vm
2020-06-21 12:45:46,619 - Velocimacro : Default library not found.
2020-06-21 12:45:46,619 - Velocimacro : allowInline = true : VMs can be defined inline in templates
2020-06-21 12:45:46,619 - Velocimacro : allowInlineToOverride = false : VMs defined inline may NOT replace previous VM definitions
2020-06-21 12:45:46,619 - Velocimacro : allowInlineLocal = false : VMs defined inline will be global in scope if allowed.
2020-06-21 12:45:46,619 - Velocimacro : autoload off : VM system will not automatically reload global library macros
2020-06-21 12:45:46,621 - ResourceManager : unable to find resource 'emailTemplate.vm' in any resource loader.
2020-06-21 12:47:01,584 - Log4JLogChute initialized using file 'velocity.log'
2020-06-21 12:47:01,584 - Initializing Velocity, Calling init()...
2020-06-21 12:47:01,584 - Starting Apache Velocity v1.7 (compiled: 2010-11-19 12:14:37)
2020-06-21 12:47:01,584 - Default Properties File: org\apache\velocity\runtime\defaults\velocity.properties
2020-06-21 12:47:01,584 - Trying to use logger class org.apache.velocity.runtime.log.AvalonLogChute
2020-06-21 12:47:01,584 - Target log system for org.apache.velocity.runtime.log.AvalonLogChute is not available (java.lang.NoClassDefFoundError: org/apache/log/format/Formatter).  Falling back to next log system...
2020-06-21 12:47:01,585 - Trying to use logger class org.apache.velocity.runtime.log.Log4JLogChute
2020-06-21 12:47:01,585 - Using logger class org.apache.velocity.runtime.log.Log4JLogChute
2020-06-21 12:47:01,589 - ResourceLoader instantiated: org.apache.velocity.runtime.resource.loader.FileResourceLoader
2020-06-21 12:47:01,590 - Do unicode file recognition:  false
2020-06-21 12:47:01,590 - FileResourceLoader : adding path '.'
2020-06-21 12:47:01,608 - ResourceCache: initialized (class org.apache.velocity.runtime.resource.ResourceCacheImpl) with class java.util.Collections$SynchronizedMap cache map.
2020-06-21 12:47:01,611 - Loaded System Directive: org.apache.velocity.runtime.directive.Stop
2020-06-21 12:47:01,613 - Loaded System Directive: org.apache.velocity.runtime.directive.Define
2020-06-21 12:47:01,614 - Loaded System Directive: org.apache.velocity.runtime.directive.Break
2020-06-21 12:47:01,615 - Loaded System Directive: org.apache.velocity.runtime.directive.Evaluate
2020-06-21 12:47:01,616 - Loaded System Directive: org.apache.velocity.runtime.directive.Literal
2020-06-21 12:47:01,617 - Loaded System Directive: org.apache.velocity.runtime.directive.Macro
2020-06-21 12:47:01,618 - Loaded System Directive: org.apache.velocity.runtime.directive.Parse
2020-06-21 12:47:01,620 - Loaded System Directive: org.apache.velocity.runtime.directive.Include
2020-06-21 12:47:01,621 - Loaded System Directive: org.apache.velocity.runtime.directive.Foreach
2020-06-21 12:47:01,656 - Created '20' parsers.
2020-06-21 12:47:01,662 - Velocimacro : "velocimacro.library" is not set.  Trying default library: VM_global_library.vm
2020-06-21 12:47:01,663 - Velocimacro : Default library not found.
2020-06-21 12:47:01,663 - Velocimacro : allowInline = true : VMs can be defined inline in templates
2020-06-21 12:47:01,663 - Velocimacro : allowInlineToOverride = false : VMs defined inline may NOT replace previous VM definitions
2020-06-21 12:47:01,663 - Velocimacro : allowInlineLocal = false : VMs defined inline will be global in scope if allowed.
2020-06-21 12:47:01,663 - Velocimacro : autoload off : VM system will not automatically reload global library macros
2020-06-21 12:47:01,665 - ResourceManager : unable to find resource 'classpath:/template/emailTemplate.vm' in any resource loader.
2020-06-21 12:49:37,549 - Log4JLogChute initialized using file 'velocity.log'
2020-06-21 12:49:37,562 - Initializing Velocity, Calling init()...
2020-06-21 12:49:37,562 - Starting Apache Velocity v1.7 (compiled: 2010-11-19 12:14:37)
2020-06-21 12:49:37,562 - Default Properties File: org\apache\velocity\runtime\defaults\velocity.properties
2020-06-21 12:49:37,562 - Trying to use logger class org.apache.velocity.runtime.log.AvalonLogChute
2020-06-21 12:49:37,562 - Target log system for org.apache.velocity.runtime.log.AvalonLogChute is not available (java.lang.NoClassDefFoundError: org/apache/log/format/Formatter).  Falling back to next log system...
2020-06-21 12:49:37,562 - Trying to use logger class org.apache.velocity.runtime.log.Log4JLogChute
2020-06-21 12:49:37,562 - Using logger class org.apache.velocity.runtime.log.Log4JLogChute
2020-06-21 12:49:37,568 - ResourceLoader instantiated: org.apache.velocity.runtime.resource.loader.FileResourceLoader
2020-06-21 12:49:37,569 - Do unicode file recognition:  false
2020-06-21 12:49:37,569 - FileResourceLoader : adding path '.'
2020-06-21 12:49:37,585 - ResourceCache: initialized (class org.apache.velocity.runtime.resource.ResourceCacheImpl) with class java.util.Collections$SynchronizedMap cache map.
2020-06-21 12:49:37,588 - Loaded System Directive: org.apache.velocity.runtime.directive.Stop
2020-06-21 12:49:37,589 - Loaded System Directive: org.apache.velocity.runtime.directive.Define
2020-06-21 12:49:37,590 - Loaded System Directive: org.apache.velocity.runtime.directive.Break
2020-06-21 12:49:37,591 - Loaded System Directive: org.apache.velocity.runtime.directive.Evaluate
2020-06-21 12:49:37,592 - Loaded System Directive: org.apache.velocity.runtime.directive.Literal
2020-06-21 12:49:37,593 - Loaded System Directive: org.apache.velocity.runtime.directive.Macro
2020-06-21 12:49:37,595 - Loaded System Directive: org.apache.velocity.runtime.directive.Parse
2020-06-21 12:49:37,596 - Loaded System Directive: org.apache.velocity.runtime.directive.Include
2020-06-21 12:49:37,598 - Loaded System Directive: org.apache.velocity.runtime.directive.Foreach
2020-06-21 12:49:37,640 - Created '20' parsers.
2020-06-21 12:49:37,647 - Velocimacro : "velocimacro.library" is not set.  Trying default library: VM_global_library.vm
2020-06-21 12:49:37,647 - Velocimacro : Default library not found.
2020-06-21 12:49:37,647 - Velocimacro : allowInline = true : VMs can be defined inline in templates
2020-06-21 12:49:37,647 - Velocimacro : allowInlineToOverride = false : VMs defined inline may NOT replace previous VM definitions
2020-06-21 12:49:37,647 - Velocimacro : allowInlineLocal = false : VMs defined inline will be global in scope if allowed.
2020-06-21 12:49:37,647 - Velocimacro : autoload off : VM system will not automatically reload global library macros
2020-06-21 12:49:37,679 - ResourceManager : found src/main/resources/template/emailTemplate.vm with loader org.apache.velocity.runtime.resource.loader.FileResourceLoader
2020-06-21 12:52:37,022 - Log4JLogChute initialized using file 'velocity.log'
2020-06-21 12:52:37,032 - Initializing Velocity, Calling init()...
2020-06-21 12:52:37,032 - Starting Apache Velocity v1.7 (compiled: 2010-11-19 12:14:37)
2020-06-21 12:52:37,032 - Default Properties File: org\apache\velocity\runtime\defaults\velocity.properties
2020-06-21 12:52:37,032 - Trying to use logger class org.apache.velocity.runtime.log.AvalonLogChute
2020-06-21 12:52:37,032 - Target log system for org.apache.velocity.runtime.log.AvalonLogChute is not available (java.lang.NoClassDefFoundError: org/apache/log/format/Formatter).  Falling back to next log system...
2020-06-21 12:52:37,032 - Trying to use logger class org.apache.velocity.runtime.log.Log4JLogChute
2020-06-21 12:52:37,032 - Using logger class org.apache.velocity.runtime.log.Log4JLogChute
2020-06-21 12:52:37,037 - ResourceLoader instantiated: org.apache.velocity.runtime.resource.loader.FileResourceLoader
2020-06-21 12:52:37,038 - Do unicode file recognition:  false
2020-06-21 12:52:37,039 - FileResourceLoader : adding path '.'
2020-06-21 12:52:37,049 - ResourceCache: initialized (class org.apache.velocity.runtime.resource.ResourceCacheImpl) with class java.util.Collections$SynchronizedMap cache map.
2020-06-21 12:52:37,051 - Loaded System Directive: org.apache.velocity.runtime.directive.Stop
2020-06-21 12:52:37,052 - Loaded System Directive: org.apache.velocity.runtime.directive.Define
2020-06-21 12:52:37,053 - Loaded System Directive: org.apache.velocity.runtime.directive.Break
2020-06-21 12:52:37,054 - Loaded System Directive: org.apache.velocity.runtime.directive.Evaluate
2020-06-21 12:52:37,055 - Loaded System Directive: org.apache.velocity.runtime.directive.Literal
2020-06-21 12:52:37,056 - Loaded System Directive: org.apache.velocity.runtime.directive.Macro
2020-06-21 12:52:37,058 - Loaded System Directive: org.apache.velocity.runtime.directive.Parse
2020-06-21 12:52:37,059 - Loaded System Directive: org.apache.velocity.runtime.directive.Include
2020-06-21 12:52:37,061 - Loaded System Directive: org.apache.velocity.runtime.directive.Foreach
2020-06-21 12:52:37,093 - Created '20' parsers.
2020-06-21 12:52:37,099 - Velocimacro : "velocimacro.library" is not set.  Trying default library: VM_global_library.vm
2020-06-21 12:52:37,099 - Velocimacro : Default library not found.
2020-06-21 12:52:37,099 - Velocimacro : allowInline = true : VMs can be defined inline in templates
2020-06-21 12:52:37,099 - Velocimacro : allowInlineToOverride = false : VMs defined inline may NOT replace previous VM definitions
2020-06-21 12:52:37,099 - Velocimacro : allowInlineLocal = false : VMs defined inline will be global in scope if allowed.
2020-06-21 12:52:37,099 - Velocimacro : autoload off : VM system will not automatically reload global library macros
2020-06-21 12:52:37,114 - ResourceManager : found src/main/resources/template/emailTemplate.vm with loader org.apache.velocity.runtime.resource.loader.FileResourceLoader
2020-06-21 12:54:44,902 - Log4JLogChute initialized using file 'velocity.log'
2020-06-21 12:54:44,917 - Initializing Velocity, Calling init()...
2020-06-21 12:54:44,917 - Starting Apache Velocity v1.7 (compiled: 2010-11-19 12:14:37)
2020-06-21 12:54:44,917 - Default Properties File: org\apache\velocity\runtime\defaults\velocity.properties
2020-06-21 12:54:44,917 - Trying to use logger class org.apache.velocity.runtime.log.AvalonLogChute
2020-06-21 12:54:44,917 - Target log system for org.apache.velocity.runtime.log.AvalonLogChute is not available (java.lang.NoClassDefFoundError: org/apache/log/format/Formatter).  Falling back to next log system...
2020-06-21 12:54:44,917 - Trying to use logger class org.apache.velocity.runtime.log.Log4JLogChute
2020-06-21 12:54:44,917 - Using logger class org.apache.velocity.runtime.log.Log4JLogChute
2020-06-21 12:54:44,922 - ResourceLoader instantiated: org.apache.velocity.runtime.resource.loader.FileResourceLoader
2020-06-21 12:54:44,923 - Do unicode file recognition:  false
2020-06-21 12:54:44,923 - FileResourceLoader : adding path '.'
2020-06-21 12:54:44,935 - ResourceCache: initialized (class org.apache.velocity.runtime.resource.ResourceCacheImpl) with class java.util.Collections$SynchronizedMap cache map.
2020-06-21 12:54:44,936 - Loaded System Directive: org.apache.velocity.runtime.directive.Stop
2020-06-21 12:54:44,937 - Loaded System Directive: org.apache.velocity.runtime.directive.Define
2020-06-21 12:54:44,938 - Loaded System Directive: org.apache.velocity.runtime.directive.Break
2020-06-21 12:54:44,939 - Loaded System Directive: org.apache.velocity.runtime.directive.Evaluate
2020-06-21 12:54:44,940 - Loaded System Directive: org.apache.velocity.runtime.directive.Literal
2020-06-21 12:54:44,941 - Loaded System Directive: org.apache.velocity.runtime.directive.Macro
2020-06-21 12:54:44,942 - Loaded System Directive: org.apache.velocity.runtime.directive.Parse
2020-06-21 12:54:44,943 - Loaded System Directive: org.apache.velocity.runtime.directive.Include
2020-06-21 12:54:44,945 - Loaded System Directive: org.apache.velocity.runtime.directive.Foreach
2020-06-21 12:54:44,977 - Created '20' parsers.
2020-06-21 12:54:44,985 - Velocimacro : "velocimacro.library" is not set.  Trying default library: VM_global_library.vm
2020-06-21 12:54:44,985 - Velocimacro : Default library not found.
2020-06-21 12:54:44,985 - Velocimacro : allowInline = true : VMs can be defined inline in templates
2020-06-21 12:54:44,985 - Velocimacro : allowInlineToOverride = false : VMs defined inline may NOT replace previous VM definitions
2020-06-21 12:54:44,985 - Velocimacro : allowInlineLocal = false : VMs defined inline will be global in scope if allowed.
2020-06-21 12:54:44,985 - Velocimacro : autoload off : VM system will not automatically reload global library macros
2020-06-21 12:54:45,000 - ResourceManager : found src/main/resources/template/emailTemplate.vm with loader org.apache.velocity.runtime.resource.loader.FileResourceLoader
2020-06-21 12:56:51,386 - Log4JLogChute initialized using file 'velocity.log'
2020-06-21 12:56:51,386 - Initializing Velocity, Calling init()...
2020-06-21 12:56:51,386 - Starting Apache Velocity v1.7 (compiled: 2010-11-19 12:14:37)
2020-06-21 12:56:51,386 - Default Properties File: org\apache\velocity\runtime\defaults\velocity.properties
2020-06-21 12:56:51,386 - Trying to use logger class org.apache.velocity.runtime.log.AvalonLogChute
2020-06-21 12:56:51,386 - Target log system for org.apache.velocity.runtime.log.AvalonLogChute is not available (java.lang.NoClassDefFoundError: org/apache/log/format/Formatter).  Falling back to next log system...
2020-06-21 12:56:51,387 - Trying to use logger class org.apache.velocity.runtime.log.Log4JLogChute
2020-06-21 12:56:51,387 - Using logger class org.apache.velocity.runtime.log.Log4JLogChute
2020-06-21 12:56:51,393 - ResourceLoader instantiated: org.apache.velocity.runtime.resource.loader.FileResourceLoader
2020-06-21 12:56:51,395 - Do unicode file recognition:  false
2020-06-21 12:56:51,395 - FileResourceLoader : adding path '.'
2020-06-21 12:56:51,415 - ResourceCache: initialized (class org.apache.velocity.runtime.resource.ResourceCacheImpl) with class java.util.Collections$SynchronizedMap cache map.
2020-06-21 12:56:51,417 - Loaded System Directive: org.apache.velocity.runtime.directive.Stop
2020-06-21 12:56:51,419 - Loaded System Directive: org.apache.velocity.runtime.directive.Define
2020-06-21 12:56:51,421 - Loaded System Directive: org.apache.velocity.runtime.directive.Break
2020-06-21 12:56:51,422 - Loaded System Directive: org.apache.velocity.runtime.directive.Evaluate
2020-06-21 12:56:51,423 - Loaded System Directive: org.apache.velocity.runtime.directive.Literal
2020-06-21 12:56:51,426 - Loaded System Directive: org.apache.velocity.runtime.directive.Macro
2020-06-21 12:56:51,428 - Loaded System Directive: org.apache.velocity.runtime.directive.Parse
2020-06-21 12:56:51,431 - Loaded System Directive: org.apache.velocity.runtime.directive.Include
2020-06-21 12:56:51,432 - Loaded System Directive: org.apache.velocity.runtime.directive.Foreach
2020-06-21 12:56:51,482 - Created '20' parsers.
2020-06-21 12:56:51,489 - Velocimacro : "velocimacro.library" is not set.  Trying default library: VM_global_library.vm
2020-06-21 12:56:51,489 - Velocimacro : Default library not found.
2020-06-21 12:56:51,489 - Velocimacro : allowInline = true : VMs can be defined inline in templates
2020-06-21 12:56:51,489 - Velocimacro : allowInlineToOverride = false : VMs defined inline may NOT replace previous VM definitions
2020-06-21 12:56:51,490 - Velocimacro : allowInlineLocal = false : VMs defined inline will be global in scope if allowed.
2020-06-21 12:56:51,490 - Velocimacro : autoload off : VM system will not automatically reload global library macros
2020-06-21 12:56:51,507 - ResourceManager : found src/main/resources/template/emailTemplate.vm with loader org.apache.velocity.runtime.resource.loader.FileResourceLoader
2020-06-21 12:59:26,029 - Log4JLogChute initialized using file 'velocity.log'
2020-06-21 12:59:26,047 - Initializing Velocity, Calling init()...
2020-06-21 12:59:26,047 - Starting Apache Velocity v1.7 (compiled: 2010-11-19 12:14:37)
2020-06-21 12:59:26,047 - Default Properties File: org\apache\velocity\runtime\defaults\velocity.properties
2020-06-21 12:59:26,047 - Trying to use logger class org.apache.velocity.runtime.log.AvalonLogChute
2020-06-21 12:59:26,047 - Target log system for org.apache.velocity.runtime.log.AvalonLogChute is not available (java.lang.NoClassDefFoundError: org/apache/log/format/Formatter).  Falling back to next log system...
2020-06-21 12:59:26,047 - Trying to use logger class org.apache.velocity.runtime.log.Log4JLogChute
2020-06-21 12:59:26,047 - Using logger class org.apache.velocity.runtime.log.Log4JLogChute
2020-06-21 12:59:26,053 - ResourceLoader instantiated: org.apache.velocity.runtime.resource.loader.FileResourceLoader
2020-06-21 12:59:26,054 - Do unicode file recognition:  false
2020-06-21 12:59:26,054 - FileResourceLoader : adding path '.'
2020-06-21 12:59:26,066 - ResourceCache: initialized (class org.apache.velocity.runtime.resource.ResourceCacheImpl) with class java.util.Collections$SynchronizedMap cache map.
2020-06-21 12:59:26,067 - Loaded System Directive: org.apache.velocity.runtime.directive.Stop
2020-06-21 12:59:26,069 - Loaded System Directive: org.apache.velocity.runtime.directive.Define
2020-06-21 12:59:26,069 - Loaded System Directive: org.apache.velocity.runtime.directive.Break
2020-06-21 12:59:26,070 - Loaded System Directive: org.apache.velocity.runtime.directive.Evaluate
2020-06-21 12:59:26,071 - Loaded System Directive: org.apache.velocity.runtime.directive.Literal
2020-06-21 12:59:26,072 - Loaded System Directive: org.apache.velocity.runtime.directive.Macro
2020-06-21 12:59:26,073 - Loaded System Directive: org.apache.velocity.runtime.directive.Parse
2020-06-21 12:59:26,075 - Loaded System Directive: org.apache.velocity.runtime.directive.Include
2020-06-21 12:59:26,076 - Loaded System Directive: org.apache.velocity.runtime.directive.Foreach
2020-06-21 12:59:26,108 - Created '20' parsers.
2020-06-21 12:59:26,115 - Velocimacro : "velocimacro.library" is not set.  Trying default library: VM_global_library.vm
2020-06-21 12:59:26,116 - Velocimacro : Default library not found.
2020-06-21 12:59:26,116 - Velocimacro : allowInline = true : VMs can be defined inline in templates
2020-06-21 12:59:26,116 - Velocimacro : allowInlineToOverride = false : VMs defined inline may NOT replace previous VM definitions
2020-06-21 12:59:26,116 - Velocimacro : allowInlineLocal = false : VMs defined inline will be global in scope if allowed.
2020-06-21 12:59:26,116 - Velocimacro : autoload off : VM system will not automatically reload global library macros
2020-06-21 12:59:26,131 - ResourceManager : found src/main/resources/template/emailTemplate.vm with loader org.apache.velocity.runtime.resource.loader.FileResourceLoader
2020-06-21 13:41:42,779 - Log4JLogChute initialized using file 'velocity.log'
2020-06-21 13:41:42,794 - Initializing Velocity, Calling init()...
2020-06-21 13:41:42,794 - Starting Apache Velocity v1.7 (compiled: 2010-11-19 12:14:37)
2020-06-21 13:41:42,794 - Default Properties File: org\apache\velocity\runtime\defaults\velocity.properties
2020-06-21 13:41:42,794 - Trying to use logger class org.apache.velocity.runtime.log.AvalonLogChute
2020-06-21 13:41:42,794 - Target log system for org.apache.velocity.runtime.log.AvalonLogChute is not available (java.lang.NoClassDefFoundError: org/apache/log/format/Formatter).  Falling back to next log system...
2020-06-21 13:41:42,808 - Trying to use logger class org.apache.velocity.runtime.log.Log4JLogChute
2020-06-21 13:41:42,808 - Using logger class org.apache.velocity.runtime.log.Log4JLogChute
2020-06-21 13:41:42,814 - ResourceLoader instantiated: org.apache.velocity.runtime.resource.loader.FileResourceLoader
2020-06-21 13:41:42,815 - Do unicode file recognition:  false
2020-06-21 13:41:42,815 - FileResourceLoader : adding path '.'
2020-06-21 13:41:42,862 - ResourceCache: initialized (class org.apache.velocity.runtime.resource.ResourceCacheImpl) with class java.util.Collections$SynchronizedMap cache map.
2020-06-21 13:41:42,863 - Loaded System Directive: org.apache.velocity.runtime.directive.Stop
2020-06-21 13:41:42,865 - Loaded System Directive: org.apache.velocity.runtime.directive.Define
2020-06-21 13:41:42,866 - Loaded System Directive: org.apache.velocity.runtime.directive.Break
2020-06-21 13:41:42,868 - Loaded System Directive: org.apache.velocity.runtime.directive.Evaluate
2020-06-21 13:41:42,869 - Loaded System Directive: org.apache.velocity.runtime.directive.Literal
2020-06-21 13:41:42,871 - Loaded System Directive: org.apache.velocity.runtime.directive.Macro
2020-06-21 13:41:42,873 - Loaded System Directive: org.apache.velocity.runtime.directive.Parse
2020-06-21 13:41:42,874 - Loaded System Directive: org.apache.velocity.runtime.directive.Include
2020-06-21 13:41:42,876 - Loaded System Directive: org.apache.velocity.runtime.directive.Foreach
2020-06-21 13:41:42,920 - Created '20' parsers.
2020-06-21 13:41:42,926 - Velocimacro : "velocimacro.library" is not set.  Trying default library: VM_global_library.vm
2020-06-21 13:41:42,926 - Velocimacro : Default library not found.
2020-06-21 13:41:42,927 - Velocimacro : allowInline = true : VMs can be defined inline in templates
2020-06-21 13:41:42,927 - Velocimacro : allowInlineToOverride = false : VMs defined inline may NOT replace previous VM definitions
2020-06-21 13:41:42,927 - Velocimacro : allowInlineLocal = false : VMs defined inline will be global in scope if allowed.
2020-06-21 13:41:42,927 - Velocimacro : autoload off : VM system will not automatically reload global library macros
2020-06-21 13:41:42,961 - ResourceManager : found src/main/resources/template/emailTemplate.vm with loader org.apache.velocity.runtime.resource.loader.FileResourceLoader
2020-06-23 10:38:30,868 - Log4JLogChute initialized using file 'velocity.log'
2020-06-23 10:38:30,874 - Initializing Velocity, Calling init()...
2020-06-23 10:38:30,874 - Starting Apache Velocity v1.7 (compiled: 2010-11-19 12:14:37)
2020-06-23 10:38:30,874 - Default Properties File: org\apache\velocity\runtime\defaults\velocity.properties
2020-06-23 10:38:30,874 - Trying to use logger class org.apache.velocity.runtime.log.AvalonLogChute
2020-06-23 10:38:30,874 - Target log system for org.apache.velocity.runtime.log.AvalonLogChute is not available (java.lang.NoClassDefFoundError: org/apache/log/format/Formatter).  Falling back to next log system...
2020-06-23 10:38:30,874 - Trying to use logger class org.apache.velocity.runtime.log.Log4JLogChute
2020-06-23 10:38:30,874 - Using logger class org.apache.velocity.runtime.log.Log4JLogChute
2020-06-23 10:38:30,880 - ResourceLoader instantiated: org.apache.velocity.runtime.resource.loader.FileResourceLoader
2020-06-23 10:38:30,881 - Do unicode file recognition:  false
2020-06-23 10:38:30,881 - FileResourceLoader : adding path '.'
2020-06-23 10:38:30,928 - ResourceCache: initialized (class org.apache.velocity.runtime.resource.ResourceCacheImpl) with class java.util.Collections$SynchronizedMap cache map.
2020-06-23 10:38:30,930 - Loaded System Directive: org.apache.velocity.runtime.directive.Stop
2020-06-23 10:38:30,932 - Loaded System Directive: org.apache.velocity.runtime.directive.Define
2020-06-23 10:38:30,933 - Loaded System Directive: org.apache.velocity.runtime.directive.Break
2020-06-23 10:38:30,935 - Loaded System Directive: org.apache.velocity.runtime.directive.Evaluate
2020-06-23 10:38:30,936 - Loaded System Directive: org.apache.velocity.runtime.directive.Literal
2020-06-23 10:38:30,938 - Loaded System Directive: org.apache.velocity.runtime.directive.Macro
2020-06-23 10:38:30,941 - Loaded System Directive: org.apache.velocity.runtime.directive.Parse
2020-06-23 10:38:30,947 - Loaded System Directive: org.apache.velocity.runtime.directive.Include
2020-06-23 10:38:30,949 - Loaded System Directive: org.apache.velocity.runtime.directive.Foreach
2020-06-23 10:38:31,032 - Created '20' parsers.
2020-06-23 10:38:31,049 - Velocimacro : "velocimacro.library" is not set.  Trying default library: VM_global_library.vm
2020-06-23 10:38:31,049 - Velocimacro : Default library not found.
2020-06-23 10:38:31,049 - Velocimacro : allowInline = true : VMs can be defined inline in templates
2020-06-23 10:38:31,050 - Velocimacro : allowInlineToOverride = false : VMs defined inline may NOT replace previous VM definitions
2020-06-23 10:38:31,050 - Velocimacro : allowInlineLocal = false : VMs defined inline will be global in scope if allowed.
2020-06-23 10:38:31,050 - Velocimacro : autoload off : VM system will not automatically reload global library macros
2020-06-23 10:38:31,337 - ResourceManager : found src/main/resources/template/emailTemplate.vm with loader org.apache.velocity.runtime.resource.loader.FileResourceLoader
2020-06-29 11:46:08,515 - Log4JLogChute initialized using file 'velocity.log'
2020-06-29 11:46:08,523 - Initializing Velocity, Calling init()...
2020-06-29 11:46:08,523 - Starting Apache Velocity v1.7 (compiled: 2010-11-19 12:14:37)
2020-06-29 11:46:08,523 - Default Properties File: org\apache\velocity\runtime\defaults\velocity.properties
2020-06-29 11:46:08,523 - Trying to use logger class org.apache.velocity.runtime.log.AvalonLogChute
2020-06-29 11:46:08,523 - Target log system for org.apache.velocity.runtime.log.AvalonLogChute is not available (java.lang.NoClassDefFoundError: org/apache/log/format/Formatter).  Falling back to next log system...
2020-06-29 11:46:08,523 - Trying to use logger class org.apache.velocity.runtime.log.Log4JLogChute
2020-06-29 11:46:08,523 - Using logger class org.apache.velocity.runtime.log.Log4JLogChute
2020-06-29 11:46:08,531 - ResourceLoader instantiated: org.apache.velocity.runtime.resource.loader.FileResourceLoader
2020-06-29 11:46:08,539 - Do unicode file recognition:  false
2020-06-29 11:46:08,539 - FileResourceLoader : adding path '.'
2020-06-29 11:46:08,595 - ResourceCache: initialized (class org.apache.velocity.runtime.resource.ResourceCacheImpl) with class java.util.Collections$SynchronizedMap cache map.
2020-06-29 11:46:08,595 - Loaded System Directive: org.apache.velocity.runtime.directive.Stop
2020-06-29 11:46:08,595 - Loaded System Directive: org.apache.velocity.runtime.directive.Define
2020-06-29 11:46:08,603 - Loaded System Directive: org.apache.velocity.runtime.directive.Break
2020-06-29 11:46:08,603 - Loaded System Directive: org.apache.velocity.runtime.directive.Evaluate
2020-06-29 11:46:08,603 - Loaded System Directive: org.apache.velocity.runtime.directive.Literal
2020-06-29 11:46:08,603 - Loaded System Directive: org.apache.velocity.runtime.directive.Macro
2020-06-29 11:46:08,603 - Loaded System Directive: org.apache.velocity.runtime.directive.Parse
2020-06-29 11:46:08,603 - Loaded System Directive: org.apache.velocity.runtime.directive.Include
2020-06-29 11:46:08,603 - Loaded System Directive: org.apache.velocity.runtime.directive.Foreach
2020-06-29 11:46:08,643 - Created '20' parsers.
2020-06-29 11:46:08,643 - Velocimacro : "velocimacro.library" is not set.  Trying default library: VM_global_library.vm
2020-06-29 11:46:08,643 - Velocimacro : Default library not found.
2020-06-29 11:46:08,643 - Velocimacro : allowInline = true : VMs can be defined inline in templates
2020-06-29 11:46:08,643 - Velocimacro : allowInlineToOverride = false : VMs defined inline may NOT replace previous VM definitions
2020-06-29 11:46:08,643 - Velocimacro : allowInlineLocal = false : VMs defined inline will be global in scope if allowed.
2020-06-29 11:46:08,643 - Velocimacro : autoload off : VM system will not automatically reload global library macros
2020-06-29 11:46:08,811 - ResourceManager : found src/main/resources/template/emailTemplate.vm with loader org.apache.velocity.runtime.resource.loader.FileResourceLoader
2020-06-29 11:51:45,649 - Log4JLogChute initialized using file 'velocity.log'
2020-06-29 11:51:45,649 - Initializing Velocity, Calling init()...
2020-06-29 11:51:45,649 - Starting Apache Velocity v1.7 (compiled: 2010-11-19 12:14:37)
2020-06-29 11:51:45,649 - Default Properties File: org\apache\velocity\runtime\defaults\velocity.properties
2020-06-29 11:51:45,649 - Trying to use logger class org.apache.velocity.runtime.log.AvalonLogChute
2020-06-29 11:51:45,649 - Target log system for org.apache.velocity.runtime.log.AvalonLogChute is not available (java.lang.NoClassDefFoundError: org/apache/log/format/Formatter).  Falling back to next log system...
2020-06-29 11:51:45,649 - Trying to use logger class org.apache.velocity.runtime.log.Log4JLogChute
2020-06-29 11:51:45,649 - Using logger class org.apache.velocity.runtime.log.Log4JLogChute
2020-06-29 11:51:45,649 - ResourceLoader instantiated: org.apache.velocity.runtime.resource.loader.FileResourceLoader
2020-06-29 11:51:45,657 - Do unicode file recognition:  false
2020-06-29 11:51:45,657 - FileResourceLoader : adding path '.'
2020-06-29 11:51:45,657 - ResourceCache: initialized (class org.apache.velocity.runtime.resource.ResourceCacheImpl) with class java.util.Collections$SynchronizedMap cache map.
2020-06-29 11:51:45,657 - Loaded System Directive: org.apache.velocity.runtime.directive.Stop
2020-06-29 11:51:45,657 - Loaded System Directive: org.apache.velocity.runtime.directive.Define
2020-06-29 11:51:45,657 - Loaded System Directive: org.apache.velocity.runtime.directive.Break
2020-06-29 11:51:45,657 - Loaded System Directive: org.apache.velocity.runtime.directive.Evaluate
2020-06-29 11:51:45,657 - Loaded System Directive: org.apache.velocity.runtime.directive.Literal
2020-06-29 11:51:45,657 - Loaded System Directive: org.apache.velocity.runtime.directive.Macro
2020-06-29 11:51:45,657 - Loaded System Directive: org.apache.velocity.runtime.directive.Parse
2020-06-29 11:51:45,657 - Loaded System Directive: org.apache.velocity.runtime.directive.Include
2020-06-29 11:51:45,657 - Loaded System Directive: org.apache.velocity.runtime.directive.Foreach
2020-06-29 11:51:45,665 - Created '20' parsers.
2020-06-29 11:51:45,665 - Velocimacro : "velocimacro.library" is not set.  Trying default library: VM_global_library.vm
2020-06-29 11:51:45,665 - Velocimacro : Default library not found.
2020-06-29 11:51:45,665 - Velocimacro : allowInline = true : VMs can be defined inline in templates
2020-06-29 11:51:45,665 - Velocimacro : allowInlineToOverride = false : VMs defined inline may NOT replace previous VM definitions
2020-06-29 11:51:45,665 - Velocimacro : allowInlineLocal = false : VMs defined inline will be global in scope if allowed.
2020-06-29 11:51:45,665 - Velocimacro : autoload off : VM system will not automatically reload global library macros
2020-06-29 11:51:45,665 - ResourceManager : found src/main/resources/template/emailTemplate.vm with loader org.apache.velocity.runtime.resource.loader.FileResourceLoader
2020-06-29 12:13:47,922 - Log4JLogChute initialized using file 'velocity.log'
2020-06-29 12:13:47,922 - Initializing Velocity, Calling init()...
2020-06-29 12:13:47,922 - Starting Apache Velocity v1.7 (compiled: 2010-11-19 12:14:37)
2020-06-29 12:13:47,922 - Default Properties File: org\apache\velocity\runtime\defaults\velocity.properties
2020-06-29 12:13:47,922 - Trying to use logger class org.apache.velocity.runtime.log.AvalonLogChute
2020-06-29 12:13:47,922 - Target log system for org.apache.velocity.runtime.log.AvalonLogChute is not available (java.lang.NoClassDefFoundError: org/apache/log/format/Formatter).  Falling back to next log system...
2020-06-29 12:13:47,922 - Trying to use logger class org.apache.velocity.runtime.log.Log4JLogChute
2020-06-29 12:13:47,922 - Using logger class org.apache.velocity.runtime.log.Log4JLogChute
2020-06-29 12:13:47,930 - ResourceLoader instantiated: org.apache.velocity.runtime.resource.loader.FileResourceLoader
2020-06-29 12:13:47,930 - Do unicode file recognition:  false
2020-06-29 12:13:47,930 - FileResourceLoader : adding path '.'
2020-06-29 12:13:47,946 - ResourceCache: initialized (class org.apache.velocity.runtime.resource.ResourceCacheImpl) with class java.util.Collections$SynchronizedMap cache map.
2020-06-29 12:13:47,946 - Loaded System Directive: org.apache.velocity.runtime.directive.Stop
2020-06-29 12:13:47,954 - Loaded System Directive: org.apache.velocity.runtime.directive.Define
2020-06-29 12:13:47,954 - Loaded System Directive: org.apache.velocity.runtime.directive.Break
2020-06-29 12:13:47,954 - Loaded System Directive: org.apache.velocity.runtime.directive.Evaluate
2020-06-29 12:13:47,954 - Loaded System Directive: org.apache.velocity.runtime.directive.Literal
2020-06-29 12:13:47,954 - Loaded System Directive: org.apache.velocity.runtime.directive.Macro
2020-06-29 12:13:47,954 - Loaded System Directive: org.apache.velocity.runtime.directive.Parse
2020-06-29 12:13:47,962 - Loaded System Directive: org.apache.velocity.runtime.directive.Include
2020-06-29 12:13:47,962 - Loaded System Directive: org.apache.velocity.runtime.directive.Foreach
2020-06-29 12:13:48,002 - Created '20' parsers.
2020-06-29 12:13:48,002 - Velocimacro : "velocimacro.library" is not set.  Trying default library: VM_global_library.vm
2020-06-29 12:13:48,002 - Velocimacro : Default library not found.
2020-06-29 12:13:48,002 - Velocimacro : allowInline = true : VMs can be defined inline in templates
2020-06-29 12:13:48,002 - Velocimacro : allowInlineToOverride = false : VMs defined inline may NOT replace previous VM definitions
2020-06-29 12:13:48,002 - Velocimacro : allowInlineLocal = false : VMs defined inline will be global in scope if allowed.
2020-06-29 12:13:48,002 - Velocimacro : autoload off : VM system will not automatically reload global library macros
2020-06-29 12:13:48,018 - ResourceManager : found src/main/resources/template/emailTemplate.vm with loader org.apache.velocity.runtime.resource.loader.FileResourceLoader
